\BOOKMARK [0][-]{chapter.1}{Introduction}{}% 1
\BOOKMARK [1][-]{section.1.1}{Background}{chapter.1}% 2
\BOOKMARK [1][-]{section.1.2}{Problem Statement}{chapter.1}% 3
\BOOKMARK [1][-]{section.1.3}{Aims and Objectives}{chapter.1}% 4
\BOOKMARK [1][-]{section.1.4}{List of Publications}{chapter.1}% 5
\BOOKMARK [1][-]{section.1.5}{Contributions of the Project}{chapter.1}% 6
\BOOKMARK [1][-]{section.1.6}{Organization of the Report}{chapter.1}% 7
\BOOKMARK [0][-]{chapter.2}{Literature Review}{}% 8
\BOOKMARK [1][-]{section.2.1}{Introduction}{chapter.2}% 9
\BOOKMARK [1][-]{section.2.2}{Wireless Communication Technologies for Vehicles}{chapter.2}% 10
\BOOKMARK [2][-]{subsection.2.2.1}{Bluetooth}{section.2.2}% 11
\BOOKMARK [2][-]{subsection.2.2.2}{WiFi}{section.2.2}% 12
\BOOKMARK [2][-]{subsection.2.2.3}{Cellular}{section.2.2}% 13
\BOOKMARK [2][-]{subsection.2.2.4}{5G}{section.2.2}% 14
\BOOKMARK [1][-]{section.2.3}{Safety Applications addressed by V2V}{chapter.2}% 15
\BOOKMARK [1][-]{section.2.4}{Vehicular Ad Hoc Networks \(VANETs\)}{chapter.2}% 16
\BOOKMARK [1][-]{section.2.5}{Vehicle to Vehicle Communication}{chapter.2}% 17
\BOOKMARK [2][-]{subsection.2.5.1}{ Vehicle - to - Vehicle \(V2V\) local broadcast}{section.2.5}% 18
\BOOKMARK [2][-]{subsection.2.5.2}{V2V multi-hop message dissemination}{section.2.5}% 19
\BOOKMARK [2][-]{subsection.2.5.3}{Infrastructure to Vehicle local broadcast}{section.2.5}% 20
\BOOKMARK [2][-]{subsection.2.5.4}{Vehicle- to- infrastructure \(V2I\) bidirectional communications}{section.2.5}% 21
\BOOKMARK [1][-]{section.2.6}{Summary}{chapter.2}% 22
\BOOKMARK [0][-]{chapter.3}{METHODOLOGY}{}% 23
\BOOKMARK [1][-]{section.3.1}{Introduction}{chapter.3}% 24
\BOOKMARK [1][-]{section.3.2}{Project process flow}{chapter.3}% 25
\BOOKMARK [1][-]{section.3.3}{Tools used}{chapter.3}% 26
\BOOKMARK [1][-]{section.3.4}{Forward Collision Warning}{chapter.3}% 27
\BOOKMARK [1][-]{section.3.5}{Intersection Movement Assist \(IMA\)}{chapter.3}% 28
\BOOKMARK [1][-]{section.3.6}{Blind Spot Warning}{chapter.3}% 29
\BOOKMARK [1][-]{section.3.7}{The Communication Model}{chapter.3}% 30
\BOOKMARK [0][-]{chapter.4}{Results and Analysis}{}% 31
\BOOKMARK [0][-]{chapter.5}{Conclusions and Future Works}{}% 32
\BOOKMARK [1][-]{section.5.1}{Conclusions}{chapter.5}% 33
\BOOKMARK [1][-]{section.5.2}{Challenges and Recommendations}{chapter.5}% 34
\BOOKMARK [1][-]{section.5.3}{Ideas for Future Work}{chapter.5}% 35
\BOOKMARK [1][-]{section.5.3}{References}{chapter.5}% 36
\BOOKMARK [0][-]{appendix.A}{Appendix}{}% 37
